Removed Pin From Net: NetName=OUT5 Pin=L2-1
Removed Pin From Net: NetName=NetL2_2 Pin=L2-2
Removed Pin From Net: NetName=OUT2 Pin=L3-1
Removed Pin From Net: NetName=NetL3_2 Pin=L3-2
Removed Pin From Net: NetName=OUT3 Pin=L4-1
Removed Pin From Net: NetName=NetL4_2 Pin=L4-2
Removed Pin From Net: NetName=OUT4 Pin=L5-1
Removed Pin From Net: NetName=NetL5_2 Pin=L5-2
Removed Pin From Net: NetName=GND Pin=R2-1
Removed Pin From Net: NetName=NetL2_2 Pin=R2-2
Removed Pin From Net: NetName=GND Pin=R3-1
Removed Pin From Net: NetName=NetL3_2 Pin=R3-2
Removed Pin From Net: NetName=GND Pin=R4-1
Removed Pin From Net: NetName=NetL4_2 Pin=R4-2
Removed Pin From Net: NetName=GND Pin=R5-1
Removed Pin From Net: NetName=NetL5_2 Pin=R5-2
Removed Pin From Net: NetName=VDD Pin=ZD0-9
Change Component Description : Designator=JP1 Old Description=C?m New Description=C?m
Change Component Description : Designator=JP2 Old Description=C?m New Description=C?m
Change Component Description : Designator=L0 Old Description=C?m New Description=C?m
Change Component Description : Designator=L1 Old Description=C?m New Description=C?m
Change Component Description : Designator=L2 Old Description=C?m New Description=C?m
Change Component Description : Designator=L3 Old Description=C?m New Description=C?m
Change Component Description : Designator=L4 Old Description=C?m New Description=C?m
Change Component Description : Designator=L5 Old Description=C?m New Description=C?m
Change Component Description : Designator=R1 Old Description=C?m New Description=C?m
Change Component Description : Designator=R2 Old Description=C?m New Description=C?m
Change Component Description : Designator=R3 Old Description=C?m New Description=C?m
Change Component Description : Designator=R4 Old Description=C?m New Description=C?m
Change Component Description : Designator=R5 Old Description=C?m New Description=C?m
Change Component Description : Designator=R6 Old Description=C?m New Description=C?m
Change Component Description : Designator=R0 Old Description=Cam New Description=Cam
Added Pin To Net: NetName=NetL5_2 Pin=L2-1
Added Pin To Net: NetName=OUT5 Pin=L2-2
Added Pin To Net: NetName=NetL4_2 Pin=L3-1
Added Pin To Net: NetName=OUT2 Pin=L3-2
Added Pin To Net: NetName=NetL3_2 Pin=L4-1
Added Pin To Net: NetName=OUT3 Pin=L4-2
Added Pin To Net: NetName=NetL2_2 Pin=L5-1
Added Pin To Net: NetName=OUT4 Pin=L5-2
Added Pin To Net: NetName=VDD Pin=R2-1
Added Pin To Net: NetName=NetL5_2 Pin=R2-2
Added Pin To Net: NetName=VDD Pin=R3-1
Added Pin To Net: NetName=NetL4_2 Pin=R3-2
Added Pin To Net: NetName=VDD Pin=R4-1
Added Pin To Net: NetName=NetL3_2 Pin=R4-2
Added Pin To Net: NetName=VDD Pin=R5-1
Added Pin To Net: NetName=NetL2_2 Pin=R5-2
Change Net Name : Old Net Name=NetL2_2 New Net Name=NetL5_1
Change Net Name : Old Net Name=NetL3_2 New Net Name=NetL4_1
Change Net Name : Old Net Name=NetL4_2 New Net Name=NetL3_1
Change Net Name : Old Net Name=NetL5_2 New Net Name=NetL2_1
